[deadlinedemo.now.sh/twelve/index.html]
[backblue.gif]
[fade.gif]
[index.html]
[deadlinedemo.now.sh/styles.e50e056ff2eca5cfdedf.css]
[deadlinedemo.now.sh/icons/icon-48x48db71.png]
[deadlinedemo.now.sh/icons/icon-72x72db71.png]
[deadlinedemo.now.sh/icons/icon-96x96db71.png]
[deadlinedemo.now.sh/icons/icon-144x144db71.png]
[deadlinedemo.now.sh/icons/icon-192x192db71.png]
[deadlinedemo.now.sh/icons/icon-256x256db71.png]
[deadlinedemo.now.sh/icons/icon-384x384db71.png]
[deadlinedemo.now.sh/icons/icon-512x512db71.png]
[deadlinedemo.now.sh/webpack-runtime-455d1678c7e9284641ca.js]
[deadlinedemo.now.sh/app-3a18055a545c2568c4d1.js]
[deadlinedemo.now.sh/styles-45b1c9b67c6bdd61ffc7.js]
[deadlinedemo.now.sh/commons-f5e1eef94ec21577523b.js]
[deadlinedemo.now.sh/component---src-pages-twelve-js-77fe4dda29bcf0bb6285.js]
[deadlinedemo.now.sh/static/image-17e39ae86ed1c9b2f066503dce104f66.png]
[deadlinedemo.now.sh/twelve/index.html]
[deadlinedemo.now.sh/styles.e50e056ff2eca5cfdedf.css]
